c:\users\user\source\repos\demo\x64\debug\vc141.pdb
c:\users\user\source\repos\demo\x64\debug\vc141.idb
c:\users\user\source\repos\demo\x64\debug\demo.pch
c:\users\user\source\repos\demo\x64\debug\stdafx.obj
c:\users\user\source\repos\demo\x64\debug\sdl_wrapper.obj
c:\users\user\source\repos\demo\x64\debug\body.obj
c:\users\user\source\repos\demo\x64\debug\bodymanager.obj
c:\users\user\source\repos\demo\x64\debug\eventhandle.obj
c:\users\user\source\repos\demo\x64\debug\soundefx.obj
c:\users\user\source\repos\demo\x64\debug\soundmanager.obj
c:\users\user\source\repos\demo\x64\debug\texture.obj
c:\users\user\source\repos\demo\x64\debug\texturemanager.obj
c:\users\user\source\repos\demo\x64\debug\timer.obj
c:\users\user\source\repos\demo\x64\debug\timerins.obj
c:\users\user\source\repos\demo\x64\debug\triggersmanager.obj
c:\users\user\source\repos\demo\x64\debug\main.obj
c:\users\user\source\repos\demo\x64\debug\demo.obj
c:\users\user\source\repos\demo\x64\debug\trigger.obj
c:\users\user\source\repos\demo\x64\debug\demo.pdb
c:\users\user\source\repos\demo\x64\debug\demo.tlog\cl.command.1.tlog
c:\users\user\source\repos\demo\x64\debug\demo.tlog\cl.read.1.tlog
c:\users\user\source\repos\demo\x64\debug\demo.tlog\cl.write.1.tlog
c:\users\user\source\repos\demo\x64\debug\demo.tlog\link-cvtres.read.1.tlog
c:\users\user\source\repos\demo\x64\debug\demo.tlog\link-cvtres.write.1.tlog
c:\users\user\source\repos\demo\x64\debug\demo.tlog\link-rc.read.1.tlog
c:\users\user\source\repos\demo\x64\debug\demo.tlog\link-rc.write.1.tlog
c:\users\user\source\repos\demo\x64\debug\demo.tlog\link.5136-cvtres.read.1.tlog
c:\users\user\source\repos\demo\x64\debug\demo.tlog\link.5136-cvtres.write.1.tlog
c:\users\user\source\repos\demo\x64\debug\demo.tlog\link.5136-rc.read.1.tlog
c:\users\user\source\repos\demo\x64\debug\demo.tlog\link.5136-rc.write.1.tlog
c:\users\user\source\repos\demo\x64\debug\demo.tlog\link.5136.read.1.tlog
c:\users\user\source\repos\demo\x64\debug\demo.tlog\link.5136.write.1.tlog
c:\users\user\source\repos\demo\x64\debug\demo.tlog\link.command.1.tlog
c:\users\user\source\repos\demo\x64\debug\demo.tlog\link.read.1.tlog
c:\users\user\source\repos\demo\x64\debug\demo.tlog\link.write.1.tlog
